[ 2025-08-13 17:09:17,615 ] numexpr.utils - INFO - NumExpr defaulting to 8 threads.
[ 2025-08-13 17:09:20,615 ] asyncio - DEBUG - Using proactor: IocpProactor
[ 2025-08-13 17:12:29,534 ] python_multipart.multipart - DEBUG - Calling on_field_start with no data
[ 2025-08-13 17:12:29,534 ] python_multipart.multipart - DEBUG - Calling on_field_name with data[0:6]
[ 2025-08-13 17:12:29,535 ] python_multipart.multipart - DEBUG - Calling on_field_data with data[7:8]
[ 2025-08-13 17:12:29,535 ] python_multipart.multipart - DEBUG - Calling on_field_end with no data
[ 2025-08-13 17:12:29,535 ] python_multipart.multipart - DEBUG - Calling on_field_start with no data
[ 2025-08-13 17:12:29,535 ] python_multipart.multipart - DEBUG - Calling on_field_name with data[9:12]
[ 2025-08-13 17:12:29,822 ] python_multipart.multipart - DEBUG - Calling on_field_data with data[13:15]
[ 2025-08-13 17:12:29,822 ] python_multipart.multipart - DEBUG - Calling on_field_end with no data
[ 2025-08-13 17:12:29,822 ] python_multipart.multipart - DEBUG - Calling on_field_start with no data
[ 2025-08-13 17:12:29,822 ] python_multipart.multipart - DEBUG - Calling on_field_name with data[16:31]
[ 2025-08-13 17:12:29,822 ] python_multipart.multipart - DEBUG - Calling on_field_data with data[32:33]
[ 2025-08-13 17:12:29,822 ] python_multipart.multipart - DEBUG - Calling on_field_end with no data
[ 2025-08-13 17:12:29,822 ] python_multipart.multipart - DEBUG - Calling on_field_start with no data
[ 2025-08-13 17:12:29,822 ] python_multipart.multipart - DEBUG - Calling on_field_name with data[34:45]
[ 2025-08-13 17:12:29,822 ] python_multipart.multipart - DEBUG - Calling on_field_data with data[46:50]
[ 2025-08-13 17:12:29,822 ] python_multipart.multipart - DEBUG - Calling on_field_end with no data
[ 2025-08-13 17:12:29,822 ] python_multipart.multipart - DEBUG - Calling on_field_start with no data
[ 2025-08-13 17:12:29,839 ] python_multipart.multipart - DEBUG - Calling on_field_name with data[51:69]
[ 2025-08-13 17:12:29,839 ] python_multipart.multipart - DEBUG - Calling on_field_data with data[70:71]
[ 2025-08-13 17:12:29,839 ] python_multipart.multipart - DEBUG - Calling on_field_end with no data
[ 2025-08-13 17:12:29,839 ] python_multipart.multipart - DEBUG - Calling on_field_start with no data
[ 2025-08-13 17:12:29,839 ] python_multipart.multipart - DEBUG - Calling on_field_name with data[72:86]
[ 2025-08-13 17:12:29,839 ] python_multipart.multipart - DEBUG - Calling on_field_data with data[87:92]
[ 2025-08-13 17:12:29,839 ] python_multipart.multipart - DEBUG - Calling on_field_end with no data
[ 2025-08-13 17:12:29,840 ] python_multipart.multipart - DEBUG - Calling on_field_start with no data
[ 2025-08-13 17:12:29,840 ] python_multipart.multipart - DEBUG - Calling on_field_name with data[93:113]
[ 2025-08-13 17:12:29,840 ] python_multipart.multipart - DEBUG - Calling on_field_data with data[114:115]
[ 2025-08-13 17:12:29,840 ] python_multipart.multipart - DEBUG - Calling on_field_end with no data
[ 2025-08-13 17:12:29,840 ] python_multipart.multipart - DEBUG - Calling on_field_start with no data
[ 2025-08-13 17:12:29,840 ] python_multipart.multipart - DEBUG - Calling on_field_name with data[116:123]
[ 2025-08-13 17:12:29,841 ] python_multipart.multipart - DEBUG - Calling on_field_data with data[124:126]
[ 2025-08-13 17:12:29,841 ] python_multipart.multipart - DEBUG - Calling on_field_end with no data
[ 2025-08-13 17:12:29,841 ] python_multipart.multipart - DEBUG - Calling on_field_start with no data
[ 2025-08-13 17:12:29,841 ] python_multipart.multipart - DEBUG - Calling on_field_name with data[127:148]
[ 2025-08-13 17:12:29,841 ] python_multipart.multipart - DEBUG - Calling on_field_data with data[149:150]
[ 2025-08-13 17:12:29,841 ] python_multipart.multipart - DEBUG - Calling on_field_end with no data
[ 2025-08-13 17:12:29,841 ] python_multipart.multipart - DEBUG - Calling on_field_start with no data
[ 2025-08-13 17:12:29,841 ] python_multipart.multipart - DEBUG - Calling on_field_name with data[151:173]
[ 2025-08-13 17:12:29,841 ] python_multipart.multipart - DEBUG - Calling on_field_data with data[174:175]
[ 2025-08-13 17:12:29,841 ] python_multipart.multipart - DEBUG - Calling on_field_end with no data
[ 2025-08-13 17:12:29,841 ] python_multipart.multipart - DEBUG - Calling on_field_start with no data
[ 2025-08-13 17:12:29,841 ] python_multipart.multipart - DEBUG - Calling on_field_name with data[176:194]
[ 2025-08-13 17:12:29,841 ] python_multipart.multipart - DEBUG - Calling on_field_data with data[195:196]
[ 2025-08-13 17:12:29,841 ] python_multipart.multipart - DEBUG - Calling on_field_end with no data
[ 2025-08-13 17:12:29,841 ] python_multipart.multipart - DEBUG - Calling on_end with no data
[ 2025-08-13 17:12:29,841 ] root - INFO - Entered get_usvisa_data_as_dict method as VehicleData class
[ 2025-08-13 17:12:29,841 ] root - INFO - Created vehicle data dict
[ 2025-08-13 17:12:29,841 ] root - INFO - Exited get_vehicle_data_as_dict method as VehicleData class
[ 2025-08-13 17:12:29,847 ] root - INFO - Entered predict method of VehicleDataClassifier class
[ 2025-08-13 17:12:29,855 ] botocore.hooks - DEBUG - Changing event name from creating-client-class.iot-data to creating-client-class.iot-data-plane
[ 2025-08-13 17:12:29,866 ] botocore.hooks - DEBUG - Changing event name from before-call.apigateway to before-call.api-gateway
[ 2025-08-13 17:12:29,870 ] botocore.hooks - DEBUG - Changing event name from request-created.machinelearning.Predict to request-created.machine-learning.Predict
[ 2025-08-13 17:12:29,876 ] botocore.hooks - DEBUG - Changing event name from before-parameter-build.autoscaling.CreateLaunchConfiguration to before-parameter-build.auto-scaling.CreateLaunchConfiguration
[ 2025-08-13 17:12:29,878 ] botocore.hooks - DEBUG - Changing event name from before-parameter-build.route53 to before-parameter-build.route-53
[ 2025-08-13 17:12:29,882 ] botocore.hooks - DEBUG - Changing event name from request-created.cloudsearchdomain.Search to request-created.cloudsearch-domain.Search
[ 2025-08-13 17:12:29,884 ] botocore.hooks - DEBUG - Changing event name from docs.*.autoscaling.CreateLaunchConfiguration.complete-section to docs.*.auto-scaling.CreateLaunchConfiguration.complete-section
[ 2025-08-13 17:12:29,896 ] botocore.hooks - DEBUG - Changing event name from before-parameter-build.logs.CreateExportTask to before-parameter-build.cloudwatch-logs.CreateExportTask
[ 2025-08-13 17:12:29,896 ] botocore.hooks - DEBUG - Changing event name from docs.*.logs.CreateExportTask.complete-section to docs.*.cloudwatch-logs.CreateExportTask.complete-section
[ 2025-08-13 17:12:29,896 ] botocore.hooks - DEBUG - Changing event name from before-parameter-build.cloudsearchdomain.Search to before-parameter-build.cloudsearch-domain.Search
[ 2025-08-13 17:12:29,896 ] botocore.hooks - DEBUG - Changing event name from docs.*.cloudsearchdomain.Search.complete-section to docs.*.cloudsearch-domain.Search.complete-section
[ 2025-08-13 17:12:30,257 ] botocore.loaders - DEBUG - Loading JSON file: C:\Users\preet\anaconda3\Lib\site-packages\boto3\data\s3\2006-03-01\resources-1.json
[ 2025-08-13 17:12:30,270 ] botocore.loaders - DEBUG - Loading JSON file: C:\Users\preet\anaconda3\Lib\site-packages\botocore\data\endpoints.json
[ 2025-08-13 17:12:30,361 ] botocore.loaders - DEBUG - Loading JSON file: C:\Users\preet\anaconda3\Lib\site-packages\botocore\data\sdk-default-configuration.json
[ 2025-08-13 17:12:30,361 ] botocore.hooks - DEBUG - Event choose-service-name: calling handler <function handle_service_name_alias at 0x000001AB10077A60>
[ 2025-08-13 17:12:30,750 ] botocore.loaders - DEBUG - Loading JSON file: C:\Users\preet\anaconda3\Lib\site-packages\botocore\data\s3\2006-03-01\service-2.json.gz
[ 2025-08-13 17:12:30,792 ] botocore.loaders - DEBUG - Loading JSON file: C:\Users\preet\anaconda3\Lib\site-packages\botocore\data\s3\2006-03-01\service-2.sdk-extras.json
[ 2025-08-13 17:12:31,164 ] botocore.loaders - DEBUG - Loading JSON file: C:\Users\preet\anaconda3\Lib\site-packages\botocore\data\s3\2006-03-01\endpoint-rule-set-1.json.gz
[ 2025-08-13 17:12:31,182 ] botocore.loaders - DEBUG - Loading JSON file: C:\Users\preet\anaconda3\Lib\site-packages\botocore\data\partitions.json
[ 2025-08-13 17:12:31,191 ] botocore.hooks - DEBUG - Event creating-client-class.s3: calling handler <function add_generate_presigned_post at 0x000001AB10002700>
[ 2025-08-13 17:12:31,191 ] botocore.hooks - DEBUG - Event creating-client-class.s3: calling handler <function lazy_call.<locals>._handler at 0x000001AB15BB7420>
[ 2025-08-13 17:12:31,196 ] botocore.hooks - DEBUG - Event creating-client-class.s3: calling handler <function add_generate_presigned_url at 0x000001AB10002480>
[ 2025-08-13 17:12:31,196 ] botocore.configprovider - DEBUG - Looking for endpoint for s3 via: environment_service
[ 2025-08-13 17:12:31,196 ] botocore.configprovider - DEBUG - Looking for endpoint for s3 via: environment_global
[ 2025-08-13 17:12:31,196 ] botocore.configprovider - DEBUG - Looking for endpoint for s3 via: config_service
[ 2025-08-13 17:12:31,198 ] botocore.configprovider - DEBUG - Looking for endpoint for s3 via: config_global
[ 2025-08-13 17:12:31,198 ] botocore.configprovider - DEBUG - No configured endpoint found.
[ 2025-08-13 17:12:31,204 ] botocore.endpoint - DEBUG - Setting s3 timeout as (60, 60)
[ 2025-08-13 17:12:31,237 ] botocore.loaders - DEBUG - Loading JSON file: C:\Users\preet\anaconda3\Lib\site-packages\botocore\data\_retry.json
[ 2025-08-13 17:12:31,237 ] botocore.client - DEBUG - Registering retry handlers for service: s3
[ 2025-08-13 17:12:31,237 ] botocore.utils - DEBUG - Registering S3 region redirector handler
[ 2025-08-13 17:12:31,243 ] botocore.utils - DEBUG - Registering S3Express Identity Resolver
[ 2025-08-13 17:12:31,245 ] boto3.resources.factory - DEBUG - Loading s3:s3
[ 2025-08-13 17:12:31,245 ] botocore.hooks - DEBUG - Event choose-service-name: calling handler <function handle_service_name_alias at 0x000001AB10077A60>
[ 2025-08-13 17:12:31,254 ] botocore.hooks - DEBUG - Event creating-client-class.s3: calling handler <function add_generate_presigned_post at 0x000001AB10002700>
[ 2025-08-13 17:12:31,254 ] botocore.hooks - DEBUG - Event creating-client-class.s3: calling handler <function lazy_call.<locals>._handler at 0x000001AB15BB7420>
[ 2025-08-13 17:12:31,254 ] botocore.hooks - DEBUG - Event creating-client-class.s3: calling handler <function add_generate_presigned_url at 0x000001AB10002480>
[ 2025-08-13 17:12:31,254 ] botocore.configprovider - DEBUG - Looking for endpoint for s3 via: environment_service
[ 2025-08-13 17:12:31,254 ] botocore.configprovider - DEBUG - Looking for endpoint for s3 via: environment_global
[ 2025-08-13 17:12:31,254 ] botocore.configprovider - DEBUG - Looking for endpoint for s3 via: config_service
[ 2025-08-13 17:12:31,254 ] botocore.configprovider - DEBUG - Looking for endpoint for s3 via: config_global
[ 2025-08-13 17:12:31,254 ] botocore.configprovider - DEBUG - No configured endpoint found.
[ 2025-08-13 17:12:31,254 ] botocore.endpoint - DEBUG - Setting s3 timeout as (60, 60)
[ 2025-08-13 17:12:31,278 ] botocore.client - DEBUG - Registering retry handlers for service: s3
[ 2025-08-13 17:12:31,278 ] botocore.utils - DEBUG - Registering S3 region redirector handler
[ 2025-08-13 17:12:31,278 ] botocore.utils - DEBUG - Registering S3Express Identity Resolver
[ 2025-08-13 17:12:31,278 ] root - INFO - Entered the get_file_object method of SimpleStorageService class
[ 2025-08-13 17:12:31,278 ] root - INFO - Entered the get_bucket method of SimpleStorageService class
[ 2025-08-13 17:12:31,278 ] boto3.resources.factory - DEBUG - Loading s3:Bucket
[ 2025-08-13 17:12:31,286 ] boto3.resources.model - DEBUG - Renaming Bucket attribute name
[ 2025-08-13 17:12:31,287 ] botocore.hooks - DEBUG - Event creating-resource-class.s3.Bucket: calling handler <function lazy_call.<locals>._handler at 0x000001AB15C1D8A0>
[ 2025-08-13 17:12:31,287 ] root - INFO - Exited the get_bucket method of SimpleStorageService class
[ 2025-08-13 17:12:31,630 ] botocore.loaders - DEBUG - Loading JSON file: C:\Users\preet\anaconda3\Lib\site-packages\botocore\data\s3\2006-03-01\paginators-1.json
[ 2025-08-13 17:12:31,638 ] botocore.loaders - DEBUG - Loading JSON file: C:\Users\preet\anaconda3\Lib\site-packages\botocore\data\s3\2006-03-01\paginators-1.sdk-extras.json
[ 2025-08-13 17:12:31,638 ] boto3.resources.collection - DEBUG - Calling paginated s3:list_objects with {'Bucket': 'my-model-mlopsproj-preeti', 'Prefix': 'model.pkl'}
[ 2025-08-13 17:12:31,638 ] botocore.hooks - DEBUG - Event before-parameter-build.s3.ListObjects: calling handler <function set_list_objects_encoding_type_url at 0x000001AB10092CA0>
[ 2025-08-13 17:12:31,638 ] botocore.hooks - DEBUG - Event before-parameter-build.s3.ListObjects: calling handler <function validate_bucket_name at 0x000001AB10091800>
[ 2025-08-13 17:12:31,638 ] botocore.hooks - DEBUG - Event before-parameter-build.s3.ListObjects: calling handler <function remove_bucket_from_url_paths_from_model at 0x000001AB10093A60>
[ 2025-08-13 17:12:31,638 ] botocore.hooks - DEBUG - Event before-parameter-build.s3.ListObjects: calling handler <bound method S3RegionRedirectorv2.annotate_request_context of <botocore.utils.S3RegionRedirectorv2 object at 0x000001AB167220F0>>
[ 2025-08-13 17:12:31,638 ] botocore.hooks - DEBUG - Event before-parameter-build.s3.ListObjects: calling handler <bound method ClientCreator._inject_s3_input_parameters of <botocore.client.ClientCreator object at 0x000001AB16432300>>
[ 2025-08-13 17:12:31,638 ] botocore.hooks - DEBUG - Event before-parameter-build.s3.ListObjects: calling handler <function generate_idempotent_uuid at 0x000001AB10091620>
[ 2025-08-13 17:12:31,638 ] botocore.hooks - DEBUG - Event before-parameter-build.s3.ListObjects: calling handler <function _handle_request_validation_mode_member at 0x000001AB1009C180>
[ 2025-08-13 17:12:31,638 ] botocore.hooks - DEBUG - Event before-endpoint-resolution.s3: calling handler <function customize_endpoint_resolver_builtins at 0x000001AB10093C40>
[ 2025-08-13 17:12:31,638 ] botocore.hooks - DEBUG - Event before-endpoint-resolution.s3: calling handler <bound method S3RegionRedirectorv2.redirect_from_cache of <botocore.utils.S3RegionRedirectorv2 object at 0x000001AB167220F0>>
[ 2025-08-13 17:12:31,638 ] botocore.regions - DEBUG - Calling endpoint provider with parameters: {'Bucket': 'my-model-mlopsproj-preeti', 'Region': 'ap-southeast-1', 'UseFIPS': False, 'UseDualStack': False, 'ForcePathStyle': False, 'Accelerate': False, 'UseGlobalEndpoint': False, 'Prefix': 'model.pkl', 'DisableMultiRegionAccessPoints': False, 'UseArnRegion': True}
[ 2025-08-13 17:12:31,646 ] botocore.regions - DEBUG - Endpoint provider result: https://my-model-mlopsproj-preeti.s3.ap-southeast-1.amazonaws.com
[ 2025-08-13 17:12:31,646 ] botocore.regions - DEBUG - Selecting from endpoint provider's list of auth schemes: "sigv4". User selected auth scheme is: "None"
[ 2025-08-13 17:12:31,646 ] botocore.regions - DEBUG - Selected auth type "v4" as "v4" with signing context params: {'region': 'ap-southeast-1', 'signing_name': 's3', 'disableDoubleEncoding': True}
[ 2025-08-13 17:12:31,647 ] botocore.hooks - DEBUG - Event before-call.s3.ListObjects: calling handler <function add_expect_header at 0x000001AB10091BC0>
[ 2025-08-13 17:12:31,647 ] botocore.hooks - DEBUG - Event before-call.s3.ListObjects: calling handler <bound method S3ExpressIdentityResolver.apply_signing_cache_key of <botocore.utils.S3ExpressIdentityResolver object at 0x000001AB16722660>>
[ 2025-08-13 17:12:31,647 ] botocore.hooks - DEBUG - Event before-call.s3.ListObjects: calling handler <function add_recursion_detection_header at 0x000001AB100904A0>
[ 2025-08-13 17:12:31,647 ] botocore.hooks - DEBUG - Event before-call.s3.ListObjects: calling handler <function inject_api_version_header_if_needed at 0x000001AB10093100>
[ 2025-08-13 17:12:31,647 ] botocore.endpoint - DEBUG - Making request for OperationModel(name=ListObjects) with params: {'url_path': '', 'query_string': {'prefix': 'model.pkl', 'encoding-type': 'url'}, 'method': 'GET', 'headers': {'User-Agent': 'Boto3/1.39.8 md/Botocore#1.39.8 ua/2.1 os/windows#11 md/arch#amd64 lang/python#3.12.7 md/pyimpl#CPython m/D,b,C,Z cfg/retry-mode#legacy Botocore/1.39.8 Resource'}, 'body': b'', 'auth_path': '/my-model-mlopsproj-preeti/', 'url': 'https://my-model-mlopsproj-preeti.s3.ap-southeast-1.amazonaws.com/?prefix=model.pkl&encoding-type=url', 'context': {'client_region': 'ap-southeast-1', 'client_config': <botocore.config.Config object at 0x000001AB15AE31A0>, 'has_streaming_input': False, 'auth_type': 'v4', 'unsigned_payload': None, 'auth_options': ['aws.auth#sigv4'], 'encoding_type_auto_set': True, 's3_redirect': {'redirected': False, 'bucket': 'my-model-mlopsproj-preeti', 'params': {'Bucket': 'my-model-mlopsproj-preeti', 'Prefix': 'model.pkl', 'EncodingType': 'url'}}, 'input_params': {'Bucket': 'my-model-mlopsproj-preeti', 'Prefix': 'model.pkl'}, 'signing': {'region': 'ap-southeast-1', 'signing_name': 's3', 'disableDoubleEncoding': True}, 'endpoint_properties': {'authSchemes': [{'disableDoubleEncoding': True, 'name': 'sigv4', 'signingName': 's3', 'signingRegion': 'ap-southeast-1'}]}}}
[ 2025-08-13 17:12:31,647 ] botocore.hooks - DEBUG - Event request-created.s3.ListObjects: calling handler <bound method RequestSigner.handler of <botocore.signers.RequestSigner object at 0x000001AB15AE2FF0>>
[ 2025-08-13 17:12:31,647 ] botocore.hooks - DEBUG - Event choose-signer.s3.ListObjects: calling handler <bound method ClientCreator._default_s3_presign_to_sigv2 of <botocore.client.ClientCreator object at 0x000001AB16432300>>
[ 2025-08-13 17:12:31,647 ] botocore.hooks - DEBUG - Event choose-signer.s3.ListObjects: calling handler <function set_operation_specific_signer at 0x000001AB100913A0>
[ 2025-08-13 17:12:31,647 ] botocore.hooks - DEBUG - Event before-sign.s3.ListObjects: calling handler <function remove_arn_from_signing_path at 0x000001AB10093BA0>
[ 2025-08-13 17:12:31,647 ] botocore.hooks - DEBUG - Event before-sign.s3.ListObjects: calling handler <function _set_extra_headers_for_unsigned_request at 0x000001AB1009C220>
[ 2025-08-13 17:12:31,647 ] botocore.hooks - DEBUG - Event before-sign.s3.ListObjects: calling handler <bound method S3ExpressIdentityResolver.resolve_s3express_identity of <botocore.utils.S3ExpressIdentityResolver object at 0x000001AB16722660>>
[ 2025-08-13 17:12:31,647 ] botocore.auth - DEBUG - Calculating signature using v4 auth.
[ 2025-08-13 17:12:31,647 ] botocore.auth - DEBUG - CanonicalRequest:
GET
/
encoding-type=url&prefix=model.pkl
host:my-model-mlopsproj-preeti.s3.ap-southeast-1.amazonaws.com
x-amz-content-sha256:e3b0c44298fc1c149afbf4c8996fb92427ae41e4649b934ca495991b7852b855
x-amz-date:20250813T091231Z

host;x-amz-content-sha256;x-amz-date
e3b0c44298fc1c149afbf4c8996fb92427ae41e4649b934ca495991b7852b855
[ 2025-08-13 17:12:31,647 ] botocore.auth - DEBUG - StringToSign:
AWS4-HMAC-SHA256
20250813T091231Z
20250813/ap-southeast-1/s3/aws4_request
c2ec8dfc9afaaeb80ada598beaef14610bc6e9f71baf3f3d89384322cf82fb6e
[ 2025-08-13 17:12:31,647 ] botocore.auth - DEBUG - Signature:
0a6c61ccc5f15e615d95839f4b09395f49a7aec5a7fc82cabe67bc19be917e19
[ 2025-08-13 17:12:31,655 ] botocore.hooks - DEBUG - Event request-created.s3.ListObjects: calling handler <bound method UserAgentString.rebuild_and_replace_user_agent_handler of <botocore.useragent.UserAgentString object at 0x000001AB16722090>>
[ 2025-08-13 17:12:31,655 ] botocore.hooks - DEBUG - Event request-created.s3.ListObjects: calling handler <function add_retry_headers at 0x000001AB100939C0>
[ 2025-08-13 17:12:31,655 ] botocore.endpoint - DEBUG - Sending http request: <AWSPreparedRequest stream_output=False, method=GET, url=https://my-model-mlopsproj-preeti.s3.ap-southeast-1.amazonaws.com/?prefix=model.pkl&encoding-type=url, headers={'User-Agent': b'Boto3/1.39.8 md/Botocore#1.39.8 ua/2.1 os/windows#11 md/arch#amd64 lang/python#3.12.7 md/pyimpl#CPython m/D,b,C,Z cfg/retry-mode#legacy Botocore/1.39.8 Resource', 'X-Amz-Date': b'20250813T091231Z', 'X-Amz-Content-SHA256': b'e3b0c44298fc1c149afbf4c8996fb92427ae41e4649b934ca495991b7852b855', 'Authorization': b'AWS4-HMAC-SHA256 Credential=AKIAWPTEZEN4XXUH6CGY/20250813/ap-southeast-1/s3/aws4_request, SignedHeaders=host;x-amz-content-sha256;x-amz-date, Signature=0a6c61ccc5f15e615d95839f4b09395f49a7aec5a7fc82cabe67bc19be917e19', 'amz-sdk-invocation-id': b'7993339a-74b6-4164-8d7b-9b7b330ad542', 'amz-sdk-request': b'attempt=1'}>
[ 2025-08-13 17:12:31,655 ] botocore.httpsession - DEBUG - Certificate path: C:\Users\preet\anaconda3\Lib\site-packages\certifi\cacert.pem
[ 2025-08-13 17:12:31,655 ] urllib3.connectionpool - DEBUG - Starting new HTTPS connection (1): my-model-mlopsproj-preeti.s3.ap-southeast-1.amazonaws.com:443
[ 2025-08-13 17:12:33,590 ] urllib3.connectionpool - DEBUG - https://my-model-mlopsproj-preeti.s3.ap-southeast-1.amazonaws.com:443 "GET /?prefix=model.pkl&encoding-type=url HTTP/11" 200 None
[ 2025-08-13 17:12:33,590 ] botocore.hooks - DEBUG - Event before-parse.s3.ListObjects: calling handler <function _handle_200_error at 0x000001AB10093F60>
[ 2025-08-13 17:12:33,590 ] botocore.hooks - DEBUG - Event before-parse.s3.ListObjects: calling handler <function handle_expires_header at 0x000001AB10093D80>
[ 2025-08-13 17:12:33,590 ] botocore.parsers - DEBUG - Response headers: {'x-amz-id-2': 'n1qjMHLHKaIOct6wRnukobSogreQ9bbq7oPX8kPBfe5OgP65a5ARVfYxB3scFFNodrLwqTUl7kBueoHZuflp9qQsmG8PC9BEb70pvtpw4so=', 'x-amz-request-id': 'ZS741RYZD2SSXD35', 'Date': 'Wed, 13 Aug 2025 09:12:26 GMT', 'x-amz-bucket-region': 'ap-southeast-1', 'Content-Type': 'application/xml', 'Transfer-Encoding': 'chunked', 'Server': 'AmazonS3'}
[ 2025-08-13 17:12:33,597 ] botocore.parsers - DEBUG - Response body:
b'<?xml version="1.0" encoding="UTF-8"?>\n<ListBucketResult xmlns="http://s3.amazonaws.com/doc/2006-03-01/"><Name>my-model-mlopsproj-preeti</Name><Prefix>model.pkl</Prefix><Marker></Marker><MaxKeys>1000</MaxKeys><EncodingType>url</EncodingType><IsTruncated>false</IsTruncated><Contents><Key>model.pkl</Key><LastModified>2025-08-12T10:23:55.000Z</LastModified><ETag>&quot;6878aeb562cdde280e28b85d0e9068f4-2&quot;</ETag><ChecksumAlgorithm>CRC32</ChecksumAlgorithm><ChecksumType>COMPOSITE</ChecksumType><Size>9293105</Size><Owner><ID>11a9c07b073fb97fc0644a43547154df38c4a33f0cf66af8bb786cd381aa62cc</ID><DisplayName>preeti.sahay5182</DisplayName></Owner><StorageClass>STANDARD</StorageClass></Contents></ListBucketResult>'
[ 2025-08-13 17:12:33,599 ] botocore.hooks - DEBUG - Event needs-retry.s3.ListObjects: calling handler <function _update_status_code at 0x000001AB1009C0E0>
[ 2025-08-13 17:12:33,599 ] botocore.hooks - DEBUG - Event needs-retry.s3.ListObjects: calling handler <botocore.retryhandler.RetryHandler object at 0x000001AB16722630>
[ 2025-08-13 17:12:33,602 ] botocore.retryhandler - DEBUG - No retry needed.
[ 2025-08-13 17:12:33,602 ] botocore.hooks - DEBUG - Event needs-retry.s3.ListObjects: calling handler <bound method S3RegionRedirectorv2.redirect_from_error of <botocore.utils.S3RegionRedirectorv2 object at 0x000001AB167220F0>>
[ 2025-08-13 17:12:33,602 ] botocore.hooks - DEBUG - Event after-call.s3.ListObjects: calling handler <function decode_list_object at 0x000001AB10092D40>
[ 2025-08-13 17:12:33,602 ] boto3.resources.factory - DEBUG - Loading s3:ObjectSummary
[ 2025-08-13 17:12:33,602 ] boto3.resources.model - DEBUG - Renaming ObjectSummary attribute key
[ 2025-08-13 17:12:33,604 ] botocore.hooks - DEBUG - Event creating-resource-class.s3.ObjectSummary: calling handler <function lazy_call.<locals>._handler at 0x000001AB15C1D9E0>
[ 2025-08-13 17:12:33,605 ] root - INFO - Exited the get_file_object method of SimpleStorageService class
[ 2025-08-13 17:12:33,605 ] boto3.resources.action - DEBUG - Calling s3:get_object with {'Bucket': 'my-model-mlopsproj-preeti', 'Key': 'model.pkl'}
[ 2025-08-13 17:12:33,607 ] botocore.hooks - DEBUG - Event before-parameter-build.s3.GetObject: calling handler <function sse_md5 at 0x000001AB100918A0>
[ 2025-08-13 17:12:33,607 ] botocore.hooks - DEBUG - Event before-parameter-build.s3.GetObject: calling handler <function validate_bucket_name at 0x000001AB10091800>
[ 2025-08-13 17:12:33,609 ] botocore.hooks - DEBUG - Event before-parameter-build.s3.GetObject: calling handler <function remove_bucket_from_url_paths_from_model at 0x000001AB10093A60>
[ 2025-08-13 17:12:33,609 ] botocore.hooks - DEBUG - Event before-parameter-build.s3.GetObject: calling handler <bound method S3RegionRedirectorv2.annotate_request_context of <botocore.utils.S3RegionRedirectorv2 object at 0x000001AB167220F0>>
[ 2025-08-13 17:12:33,609 ] botocore.hooks - DEBUG - Event before-parameter-build.s3.GetObject: calling handler <bound method ClientCreator._inject_s3_input_parameters of <botocore.client.ClientCreator object at 0x000001AB16432300>>
[ 2025-08-13 17:12:33,609 ] botocore.hooks - DEBUG - Event before-parameter-build.s3.GetObject: calling handler <function generate_idempotent_uuid at 0x000001AB10091620>
[ 2025-08-13 17:12:33,611 ] botocore.hooks - DEBUG - Event before-parameter-build.s3.GetObject: calling handler <function _handle_request_validation_mode_member at 0x000001AB1009C180>
[ 2025-08-13 17:12:33,611 ] botocore.hooks - DEBUG - Event before-endpoint-resolution.s3: calling handler <function customize_endpoint_resolver_builtins at 0x000001AB10093C40>
[ 2025-08-13 17:12:33,611 ] botocore.hooks - DEBUG - Event before-endpoint-resolution.s3: calling handler <bound method S3RegionRedirectorv2.redirect_from_cache of <botocore.utils.S3RegionRedirectorv2 object at 0x000001AB167220F0>>
[ 2025-08-13 17:12:33,611 ] botocore.regions - DEBUG - Calling endpoint provider with parameters: {'Bucket': 'my-model-mlopsproj-preeti', 'Region': 'ap-southeast-1', 'UseFIPS': False, 'UseDualStack': False, 'ForcePathStyle': False, 'Accelerate': False, 'UseGlobalEndpoint': False, 'Key': 'model.pkl', 'DisableMultiRegionAccessPoints': False, 'UseArnRegion': True}
[ 2025-08-13 17:12:33,613 ] botocore.regions - DEBUG - Endpoint provider result: https://my-model-mlopsproj-preeti.s3.ap-southeast-1.amazonaws.com
[ 2025-08-13 17:12:33,613 ] botocore.regions - DEBUG - Selecting from endpoint provider's list of auth schemes: "sigv4". User selected auth scheme is: "None"
[ 2025-08-13 17:12:33,615 ] botocore.regions - DEBUG - Selected auth type "v4" as "v4" with signing context params: {'region': 'ap-southeast-1', 'signing_name': 's3', 'disableDoubleEncoding': True}
[ 2025-08-13 17:12:33,615 ] botocore.hooks - DEBUG - Event before-call.s3.GetObject: calling handler <function add_expect_header at 0x000001AB10091BC0>
[ 2025-08-13 17:12:33,617 ] botocore.hooks - DEBUG - Event before-call.s3.GetObject: calling handler <bound method S3ExpressIdentityResolver.apply_signing_cache_key of <botocore.utils.S3ExpressIdentityResolver object at 0x000001AB16722660>>
[ 2025-08-13 17:12:33,617 ] botocore.hooks - DEBUG - Event before-call.s3.GetObject: calling handler <function add_recursion_detection_header at 0x000001AB100904A0>
[ 2025-08-13 17:12:33,617 ] botocore.hooks - DEBUG - Event before-call.s3.GetObject: calling handler <function inject_api_version_header_if_needed at 0x000001AB10093100>
[ 2025-08-13 17:12:33,617 ] botocore.endpoint - DEBUG - Making request for OperationModel(name=GetObject) with params: {'url_path': '/model.pkl', 'query_string': {}, 'method': 'GET', 'headers': {'x-amz-checksum-mode': 'ENABLED', 'User-Agent': 'Boto3/1.39.8 md/Botocore#1.39.8 ua/2.1 os/windows#11 md/arch#amd64 lang/python#3.12.7 md/pyimpl#CPython m/D,b,Z cfg/retry-mode#legacy Botocore/1.39.8 Resource'}, 'body': b'', 'auth_path': '/my-model-mlopsproj-preeti/model.pkl', 'url': 'https://my-model-mlopsproj-preeti.s3.ap-southeast-1.amazonaws.com/model.pkl', 'context': {'client_region': 'ap-southeast-1', 'client_config': <botocore.config.Config object at 0x000001AB15AE31A0>, 'has_streaming_input': False, 'auth_type': 'v4', 'unsigned_payload': None, 'auth_options': ['aws.auth#sigv4'], 's3_redirect': {'redirected': False, 'bucket': 'my-model-mlopsproj-preeti', 'params': {'Bucket': 'my-model-mlopsproj-preeti', 'Key': 'model.pkl', 'ChecksumMode': 'ENABLED'}}, 'input_params': {'Bucket': 'my-model-mlopsproj-preeti', 'Key': 'model.pkl'}, 'signing': {'region': 'ap-southeast-1', 'signing_name': 's3', 'disableDoubleEncoding': True}, 'endpoint_properties': {'authSchemes': [{'disableDoubleEncoding': True, 'name': 'sigv4', 'signingName': 's3', 'signingRegion': 'ap-southeast-1'}]}, 'checksum': {'response_algorithms': ['crc32', 'sha1', 'sha256']}}}
[ 2025-08-13 17:12:33,619 ] botocore.hooks - DEBUG - Event request-created.s3.GetObject: calling handler <bound method RequestSigner.handler of <botocore.signers.RequestSigner object at 0x000001AB15AE2FF0>>
[ 2025-08-13 17:12:33,621 ] botocore.hooks - DEBUG - Event choose-signer.s3.GetObject: calling handler <bound method ClientCreator._default_s3_presign_to_sigv2 of <botocore.client.ClientCreator object at 0x000001AB16432300>>
[ 2025-08-13 17:12:33,621 ] botocore.hooks - DEBUG - Event choose-signer.s3.GetObject: calling handler <function set_operation_specific_signer at 0x000001AB100913A0>
[ 2025-08-13 17:12:33,621 ] botocore.hooks - DEBUG - Event before-sign.s3.GetObject: calling handler <function remove_arn_from_signing_path at 0x000001AB10093BA0>
[ 2025-08-13 17:12:33,621 ] botocore.hooks - DEBUG - Event before-sign.s3.GetObject: calling handler <function _set_extra_headers_for_unsigned_request at 0x000001AB1009C220>
[ 2025-08-13 17:12:33,621 ] botocore.hooks - DEBUG - Event before-sign.s3.GetObject: calling handler <bound method S3ExpressIdentityResolver.resolve_s3express_identity of <botocore.utils.S3ExpressIdentityResolver object at 0x000001AB16722660>>
[ 2025-08-13 17:12:33,623 ] botocore.auth - DEBUG - Calculating signature using v4 auth.
[ 2025-08-13 17:12:33,624 ] botocore.auth - DEBUG - CanonicalRequest:
GET
/model.pkl

host:my-model-mlopsproj-preeti.s3.ap-southeast-1.amazonaws.com
x-amz-checksum-mode:ENABLED
x-amz-content-sha256:e3b0c44298fc1c149afbf4c8996fb92427ae41e4649b934ca495991b7852b855
x-amz-date:20250813T091233Z

host;x-amz-checksum-mode;x-amz-content-sha256;x-amz-date
e3b0c44298fc1c149afbf4c8996fb92427ae41e4649b934ca495991b7852b855
[ 2025-08-13 17:12:33,624 ] botocore.auth - DEBUG - StringToSign:
AWS4-HMAC-SHA256
20250813T091233Z
20250813/ap-southeast-1/s3/aws4_request
4fd611913d63fc43c52855cb0cee524bcc1ce5d834741ee4e2275a34a6b79cf3
[ 2025-08-13 17:12:33,624 ] botocore.auth - DEBUG - Signature:
c1af50ee66464e31968c2be0ffbdc23afbe27ae10425f6bbaa8abc7a55331320
[ 2025-08-13 17:12:33,625 ] botocore.hooks - DEBUG - Event request-created.s3.GetObject: calling handler <bound method UserAgentString.rebuild_and_replace_user_agent_handler of <botocore.useragent.UserAgentString object at 0x000001AB16722090>>
[ 2025-08-13 17:12:33,625 ] botocore.hooks - DEBUG - Event request-created.s3.GetObject: calling handler <function add_retry_headers at 0x000001AB100939C0>
[ 2025-08-13 17:12:33,625 ] botocore.endpoint - DEBUG - Sending http request: <AWSPreparedRequest stream_output=True, method=GET, url=https://my-model-mlopsproj-preeti.s3.ap-southeast-1.amazonaws.com/model.pkl, headers={'x-amz-checksum-mode': b'ENABLED', 'User-Agent': b'Boto3/1.39.8 md/Botocore#1.39.8 ua/2.1 os/windows#11 md/arch#amd64 lang/python#3.12.7 md/pyimpl#CPython m/D,b,Z cfg/retry-mode#legacy Botocore/1.39.8 Resource', 'X-Amz-Date': b'20250813T091233Z', 'X-Amz-Content-SHA256': b'e3b0c44298fc1c149afbf4c8996fb92427ae41e4649b934ca495991b7852b855', 'Authorization': b'AWS4-HMAC-SHA256 Credential=AKIAWPTEZEN4XXUH6CGY/20250813/ap-southeast-1/s3/aws4_request, SignedHeaders=host;x-amz-checksum-mode;x-amz-content-sha256;x-amz-date, Signature=c1af50ee66464e31968c2be0ffbdc23afbe27ae10425f6bbaa8abc7a55331320', 'amz-sdk-invocation-id': b'e63d3bb3-4e35-4b4d-ac80-4e0075f79798', 'amz-sdk-request': b'attempt=1'}>
[ 2025-08-13 17:12:33,627 ] botocore.httpsession - DEBUG - Certificate path: C:\Users\preet\anaconda3\Lib\site-packages\certifi\cacert.pem
[ 2025-08-13 17:12:33,719 ] urllib3.connectionpool - DEBUG - https://my-model-mlopsproj-preeti.s3.ap-southeast-1.amazonaws.com:443 "GET /model.pkl HTTP/11" 200 9293105
[ 2025-08-13 17:12:33,719 ] botocore.httpchecksum - DEBUG - Skipping checksum validation. Response did not contain one of the following algorithms: ['crc32', 'sha1', 'sha256'].
[ 2025-08-13 17:12:33,719 ] botocore.hooks - DEBUG - Event before-parse.s3.GetObject: calling handler <function _handle_200_error at 0x000001AB10093F60>
[ 2025-08-13 17:12:33,719 ] botocore.hooks - DEBUG - Event before-parse.s3.GetObject: calling handler <function handle_expires_header at 0x000001AB10093D80>
[ 2025-08-13 17:12:33,725 ] botocore.parsers - DEBUG - Response headers: {'x-amz-id-2': 'YHFdj2NPCOLziBakYMis4s7sTx+vDaeQeTqxPWSjTCUV5AAyQcIupUIOJlIMWIfBPIz0wOjPupY/npGPnpRhsxPy6sp0wHWRTNxOIRk3kBc=', 'x-amz-request-id': 'T9CHS51VPQ2YBTPP', 'Date': 'Wed, 13 Aug 2025 09:12:27 GMT', 'Last-Modified': 'Tue, 12 Aug 2025 10:23:55 GMT', 'ETag': '"6878aeb562cdde280e28b85d0e9068f4-2"', 'x-amz-checksum-crc32': 'pm3ICQ==-2', 'x-amz-checksum-type': 'COMPOSITE', 'x-amz-server-side-encryption': 'AES256', 'Accept-Ranges': 'bytes', 'Content-Type': 'binary/octet-stream', 'Content-Length': '9293105', 'Server': 'AmazonS3'}
[ 2025-08-13 17:12:33,725 ] botocore.parsers - DEBUG - Response body:
<botocore.response.StreamingBody object at 0x000001AB167CDB40>
[ 2025-08-13 17:12:33,725 ] botocore.hooks - DEBUG - Event needs-retry.s3.GetObject: calling handler <function _update_status_code at 0x000001AB1009C0E0>
[ 2025-08-13 17:12:33,729 ] botocore.hooks - DEBUG - Event needs-retry.s3.GetObject: calling handler <botocore.retryhandler.RetryHandler object at 0x000001AB16722630>
[ 2025-08-13 17:12:33,729 ] botocore.retryhandler - DEBUG - No retry needed.
[ 2025-08-13 17:12:33,729 ] botocore.hooks - DEBUG - Event needs-retry.s3.GetObject: calling handler <bound method S3RegionRedirectorv2.redirect_from_error of <botocore.utils.S3RegionRedirectorv2 object at 0x000001AB167220F0>>
[ 2025-08-13 17:12:33,729 ] boto3.resources.action - DEBUG - Response: {'ResponseMetadata': {'RequestId': 'T9CHS51VPQ2YBTPP', 'HostId': 'YHFdj2NPCOLziBakYMis4s7sTx+vDaeQeTqxPWSjTCUV5AAyQcIupUIOJlIMWIfBPIz0wOjPupY/npGPnpRhsxPy6sp0wHWRTNxOIRk3kBc=', 'HTTPStatusCode': 200, 'HTTPHeaders': {'x-amz-id-2': 'YHFdj2NPCOLziBakYMis4s7sTx+vDaeQeTqxPWSjTCUV5AAyQcIupUIOJlIMWIfBPIz0wOjPupY/npGPnpRhsxPy6sp0wHWRTNxOIRk3kBc=', 'x-amz-request-id': 'T9CHS51VPQ2YBTPP', 'date': 'Wed, 13 Aug 2025 09:12:27 GMT', 'last-modified': 'Tue, 12 Aug 2025 10:23:55 GMT', 'etag': '"6878aeb562cdde280e28b85d0e9068f4-2"', 'x-amz-checksum-crc32': 'pm3ICQ==-2', 'x-amz-checksum-type': 'COMPOSITE', 'x-amz-server-side-encryption': 'AES256', 'accept-ranges': 'bytes', 'content-type': 'binary/octet-stream', 'content-length': '9293105', 'server': 'AmazonS3'}, 'RetryAttempts': 0}, 'AcceptRanges': 'bytes', 'LastModified': datetime.datetime(2025, 8, 12, 10, 23, 55, tzinfo=tzutc()), 'ContentLength': 9293105, 'ETag': '"6878aeb562cdde280e28b85d0e9068f4-2"', 'ChecksumCRC32': 'pm3ICQ==-2', 'ChecksumType': 'COMPOSITE', 'ContentType': 'binary/octet-stream', 'ServerSideEncryption': 'AES256', 'Metadata': {}, 'Body': <botocore.response.StreamingBody object at 0x000001AB167CDB40>}
[ 2025-08-13 17:12:34,292 ] root - INFO - Production model loaded from S3 bucket.
[ 2025-08-13 17:12:34,297 ] root - INFO - Starting prediction process.
[ 2025-08-13 17:12:34,326 ] root - INFO - Using the trained model to get predictions
[ 2025-08-13 17:17:43,913 ] python_multipart.multipart - DEBUG - Calling on_field_start with no data
[ 2025-08-13 17:17:43,915 ] python_multipart.multipart - DEBUG - Calling on_field_name with data[0:6]
[ 2025-08-13 17:17:43,915 ] python_multipart.multipart - DEBUG - Calling on_field_data with data[7:8]
[ 2025-08-13 17:17:43,915 ] python_multipart.multipart - DEBUG - Calling on_field_end with no data
[ 2025-08-13 17:17:43,915 ] python_multipart.multipart - DEBUG - Calling on_field_start with no data
[ 2025-08-13 17:17:43,915 ] python_multipart.multipart - DEBUG - Calling on_field_name with data[9:12]
[ 2025-08-13 17:17:43,915 ] python_multipart.multipart - DEBUG - Calling on_field_data with data[13:15]
[ 2025-08-13 17:17:43,915 ] python_multipart.multipart - DEBUG - Calling on_field_end with no data
[ 2025-08-13 17:17:43,915 ] python_multipart.multipart - DEBUG - Calling on_field_start with no data
[ 2025-08-13 17:17:43,917 ] python_multipart.multipart - DEBUG - Calling on_field_name with data[16:31]
[ 2025-08-13 17:17:43,917 ] python_multipart.multipart - DEBUG - Calling on_field_data with data[32:33]
[ 2025-08-13 17:17:43,917 ] python_multipart.multipart - DEBUG - Calling on_field_end with no data
[ 2025-08-13 17:17:43,917 ] python_multipart.multipart - DEBUG - Calling on_field_start with no data
[ 2025-08-13 17:17:43,917 ] python_multipart.multipart - DEBUG - Calling on_field_name with data[34:45]
[ 2025-08-13 17:17:43,917 ] python_multipart.multipart - DEBUG - Calling on_field_data with data[46:50]
[ 2025-08-13 17:17:43,917 ] python_multipart.multipart - DEBUG - Calling on_field_end with no data
[ 2025-08-13 17:17:43,917 ] python_multipart.multipart - DEBUG - Calling on_field_start with no data
[ 2025-08-13 17:17:43,917 ] python_multipart.multipart - DEBUG - Calling on_field_name with data[51:69]
[ 2025-08-13 17:17:43,917 ] python_multipart.multipart - DEBUG - Calling on_field_data with data[70:71]
[ 2025-08-13 17:17:43,919 ] python_multipart.multipart - DEBUG - Calling on_field_end with no data
[ 2025-08-13 17:17:43,919 ] python_multipart.multipart - DEBUG - Calling on_field_start with no data
[ 2025-08-13 17:17:43,919 ] python_multipart.multipart - DEBUG - Calling on_field_name with data[72:86]
[ 2025-08-13 17:17:43,919 ] python_multipart.multipart - DEBUG - Calling on_field_data with data[87:92]
[ 2025-08-13 17:17:43,919 ] python_multipart.multipart - DEBUG - Calling on_field_end with no data
[ 2025-08-13 17:17:43,919 ] python_multipart.multipart - DEBUG - Calling on_field_start with no data
[ 2025-08-13 17:17:43,921 ] python_multipart.multipart - DEBUG - Calling on_field_name with data[93:113]
[ 2025-08-13 17:17:43,921 ] python_multipart.multipart - DEBUG - Calling on_field_data with data[114:115]
[ 2025-08-13 17:17:43,921 ] python_multipart.multipart - DEBUG - Calling on_field_end with no data
[ 2025-08-13 17:17:43,921 ] python_multipart.multipart - DEBUG - Calling on_field_start with no data
[ 2025-08-13 17:17:43,921 ] python_multipart.multipart - DEBUG - Calling on_field_name with data[116:123]
[ 2025-08-13 17:17:43,921 ] python_multipart.multipart - DEBUG - Calling on_field_data with data[124:126]
[ 2025-08-13 17:17:43,921 ] python_multipart.multipart - DEBUG - Calling on_field_end with no data
[ 2025-08-13 17:17:43,923 ] python_multipart.multipart - DEBUG - Calling on_field_start with no data
[ 2025-08-13 17:17:43,923 ] python_multipart.multipart - DEBUG - Calling on_field_name with data[127:148]
[ 2025-08-13 17:17:43,923 ] python_multipart.multipart - DEBUG - Calling on_field_data with data[149:150]
[ 2025-08-13 17:17:43,923 ] python_multipart.multipart - DEBUG - Calling on_field_end with no data
[ 2025-08-13 17:17:43,923 ] python_multipart.multipart - DEBUG - Calling on_field_start with no data
[ 2025-08-13 17:17:43,923 ] python_multipart.multipart - DEBUG - Calling on_field_name with data[151:173]
[ 2025-08-13 17:17:43,923 ] python_multipart.multipart - DEBUG - Calling on_field_data with data[174:175]
[ 2025-08-13 17:17:43,923 ] python_multipart.multipart - DEBUG - Calling on_field_end with no data
[ 2025-08-13 17:17:43,923 ] python_multipart.multipart - DEBUG - Calling on_field_start with no data
[ 2025-08-13 17:17:43,923 ] python_multipart.multipart - DEBUG - Calling on_field_name with data[176:194]
[ 2025-08-13 17:17:43,923 ] python_multipart.multipart - DEBUG - Calling on_field_data with data[195:196]
[ 2025-08-13 17:17:43,927 ] python_multipart.multipart - DEBUG - Calling on_field_end with no data
[ 2025-08-13 17:17:43,927 ] python_multipart.multipart - DEBUG - Calling on_end with no data
[ 2025-08-13 17:17:43,927 ] root - INFO - Entered get_usvisa_data_as_dict method as VehicleData class
[ 2025-08-13 17:17:43,927 ] root - INFO - Created vehicle data dict
[ 2025-08-13 17:17:43,927 ] root - INFO - Exited get_vehicle_data_as_dict method as VehicleData class
[ 2025-08-13 17:17:43,932 ] root - INFO - Entered predict method of VehicleDataClassifier class
[ 2025-08-13 17:17:43,932 ] root - INFO - Entered the get_file_object method of SimpleStorageService class
[ 2025-08-13 17:17:43,932 ] root - INFO - Entered the get_bucket method of SimpleStorageService class
[ 2025-08-13 17:17:43,932 ] boto3.resources.factory - DEBUG - Loading s3:Bucket
[ 2025-08-13 17:17:43,935 ] boto3.resources.model - DEBUG - Renaming Bucket attribute name
[ 2025-08-13 17:17:43,935 ] botocore.hooks - DEBUG - Event creating-resource-class.s3.Bucket: calling handler <function lazy_call.<locals>._handler at 0x000001AB15C1D8A0>
[ 2025-08-13 17:17:43,935 ] root - INFO - Exited the get_bucket method of SimpleStorageService class
[ 2025-08-13 17:17:43,935 ] boto3.resources.collection - DEBUG - Calling paginated s3:list_objects with {'Bucket': 'my-model-mlopsproj-preeti', 'Prefix': 'model.pkl'}
[ 2025-08-13 17:17:43,935 ] botocore.hooks - DEBUG - Event before-parameter-build.s3.ListObjects: calling handler <function set_list_objects_encoding_type_url at 0x000001AB10092CA0>
[ 2025-08-13 17:17:43,935 ] botocore.hooks - DEBUG - Event before-parameter-build.s3.ListObjects: calling handler <function validate_bucket_name at 0x000001AB10091800>
[ 2025-08-13 17:17:43,935 ] botocore.hooks - DEBUG - Event before-parameter-build.s3.ListObjects: calling handler <function remove_bucket_from_url_paths_from_model at 0x000001AB10093A60>
[ 2025-08-13 17:17:43,935 ] botocore.hooks - DEBUG - Event before-parameter-build.s3.ListObjects: calling handler <bound method S3RegionRedirectorv2.annotate_request_context of <botocore.utils.S3RegionRedirectorv2 object at 0x000001AB167220F0>>
[ 2025-08-13 17:17:43,935 ] botocore.hooks - DEBUG - Event before-parameter-build.s3.ListObjects: calling handler <bound method ClientCreator._inject_s3_input_parameters of <botocore.client.ClientCreator object at 0x000001AB16432300>>
[ 2025-08-13 17:17:43,935 ] botocore.hooks - DEBUG - Event before-parameter-build.s3.ListObjects: calling handler <function generate_idempotent_uuid at 0x000001AB10091620>
[ 2025-08-13 17:17:43,935 ] botocore.hooks - DEBUG - Event before-parameter-build.s3.ListObjects: calling handler <function _handle_request_validation_mode_member at 0x000001AB1009C180>
[ 2025-08-13 17:17:43,943 ] botocore.hooks - DEBUG - Event before-endpoint-resolution.s3: calling handler <function customize_endpoint_resolver_builtins at 0x000001AB10093C40>
[ 2025-08-13 17:17:43,943 ] botocore.hooks - DEBUG - Event before-endpoint-resolution.s3: calling handler <bound method S3RegionRedirectorv2.redirect_from_cache of <botocore.utils.S3RegionRedirectorv2 object at 0x000001AB167220F0>>
[ 2025-08-13 17:17:43,943 ] botocore.regions - DEBUG - Calling endpoint provider with parameters: {'Bucket': 'my-model-mlopsproj-preeti', 'Region': 'ap-southeast-1', 'UseFIPS': False, 'UseDualStack': False, 'ForcePathStyle': False, 'Accelerate': False, 'UseGlobalEndpoint': False, 'Prefix': 'model.pkl', 'DisableMultiRegionAccessPoints': False, 'UseArnRegion': True}
[ 2025-08-13 17:17:43,943 ] botocore.regions - DEBUG - Endpoint provider result: https://my-model-mlopsproj-preeti.s3.ap-southeast-1.amazonaws.com
[ 2025-08-13 17:17:43,943 ] botocore.regions - DEBUG - Selecting from endpoint provider's list of auth schemes: "sigv4". User selected auth scheme is: "None"
[ 2025-08-13 17:17:43,943 ] botocore.regions - DEBUG - Selected auth type "v4" as "v4" with signing context params: {'region': 'ap-southeast-1', 'signing_name': 's3', 'disableDoubleEncoding': True}
[ 2025-08-13 17:17:43,943 ] botocore.hooks - DEBUG - Event before-call.s3.ListObjects: calling handler <function add_expect_header at 0x000001AB10091BC0>
[ 2025-08-13 17:17:43,943 ] botocore.hooks - DEBUG - Event before-call.s3.ListObjects: calling handler <bound method S3ExpressIdentityResolver.apply_signing_cache_key of <botocore.utils.S3ExpressIdentityResolver object at 0x000001AB16722660>>
[ 2025-08-13 17:17:43,943 ] botocore.hooks - DEBUG - Event before-call.s3.ListObjects: calling handler <function add_recursion_detection_header at 0x000001AB100904A0>
[ 2025-08-13 17:17:43,943 ] botocore.hooks - DEBUG - Event before-call.s3.ListObjects: calling handler <function inject_api_version_header_if_needed at 0x000001AB10093100>
[ 2025-08-13 17:17:43,943 ] botocore.endpoint - DEBUG - Making request for OperationModel(name=ListObjects) with params: {'url_path': '', 'query_string': {'prefix': 'model.pkl', 'encoding-type': 'url'}, 'method': 'GET', 'headers': {'User-Agent': 'Boto3/1.39.8 md/Botocore#1.39.8 ua/2.1 os/windows#11 md/arch#amd64 lang/python#3.12.7 md/pyimpl#CPython m/D,b,C,Z cfg/retry-mode#legacy Botocore/1.39.8 Resource'}, 'body': b'', 'auth_path': '/my-model-mlopsproj-preeti/', 'url': 'https://my-model-mlopsproj-preeti.s3.ap-southeast-1.amazonaws.com/?prefix=model.pkl&encoding-type=url', 'context': {'client_region': 'ap-southeast-1', 'client_config': <botocore.config.Config object at 0x000001AB15AE31A0>, 'has_streaming_input': False, 'auth_type': 'v4', 'unsigned_payload': None, 'auth_options': ['aws.auth#sigv4'], 'encoding_type_auto_set': True, 's3_redirect': {'redirected': False, 'bucket': 'my-model-mlopsproj-preeti', 'params': {'Bucket': 'my-model-mlopsproj-preeti', 'Prefix': 'model.pkl', 'EncodingType': 'url'}}, 'input_params': {'Bucket': 'my-model-mlopsproj-preeti', 'Prefix': 'model.pkl'}, 'signing': {'region': 'ap-southeast-1', 'signing_name': 's3', 'disableDoubleEncoding': True}, 'endpoint_properties': {'authSchemes': [{'disableDoubleEncoding': True, 'name': 'sigv4', 'signingName': 's3', 'signingRegion': 'ap-southeast-1'}]}}}
[ 2025-08-13 17:17:43,943 ] botocore.hooks - DEBUG - Event request-created.s3.ListObjects: calling handler <bound method RequestSigner.handler of <botocore.signers.RequestSigner object at 0x000001AB15AE2FF0>>
[ 2025-08-13 17:17:43,943 ] botocore.hooks - DEBUG - Event choose-signer.s3.ListObjects: calling handler <bound method ClientCreator._default_s3_presign_to_sigv2 of <botocore.client.ClientCreator object at 0x000001AB16432300>>
[ 2025-08-13 17:17:43,943 ] botocore.hooks - DEBUG - Event choose-signer.s3.ListObjects: calling handler <function set_operation_specific_signer at 0x000001AB100913A0>
[ 2025-08-13 17:17:43,943 ] botocore.hooks - DEBUG - Event before-sign.s3.ListObjects: calling handler <function remove_arn_from_signing_path at 0x000001AB10093BA0>
[ 2025-08-13 17:17:43,943 ] botocore.hooks - DEBUG - Event before-sign.s3.ListObjects: calling handler <function _set_extra_headers_for_unsigned_request at 0x000001AB1009C220>
[ 2025-08-13 17:17:43,943 ] botocore.hooks - DEBUG - Event before-sign.s3.ListObjects: calling handler <bound method S3ExpressIdentityResolver.resolve_s3express_identity of <botocore.utils.S3ExpressIdentityResolver object at 0x000001AB16722660>>
[ 2025-08-13 17:17:43,943 ] botocore.auth - DEBUG - Calculating signature using v4 auth.
[ 2025-08-13 17:17:43,943 ] botocore.auth - DEBUG - CanonicalRequest:
GET
/
encoding-type=url&prefix=model.pkl
host:my-model-mlopsproj-preeti.s3.ap-southeast-1.amazonaws.com
x-amz-content-sha256:e3b0c44298fc1c149afbf4c8996fb92427ae41e4649b934ca495991b7852b855
x-amz-date:20250813T091743Z

host;x-amz-content-sha256;x-amz-date
e3b0c44298fc1c149afbf4c8996fb92427ae41e4649b934ca495991b7852b855
[ 2025-08-13 17:17:43,943 ] botocore.auth - DEBUG - StringToSign:
AWS4-HMAC-SHA256
20250813T091743Z
20250813/ap-southeast-1/s3/aws4_request
15d97e33f91aa1e4ddef3a133f50bd9e03f8435a3693621ade1052b5305a220b
[ 2025-08-13 17:17:43,943 ] botocore.auth - DEBUG - Signature:
3a34722a0adfd65485eaa9e5aa2805d5bbe2c421d202389e027a930f0b4ac034
[ 2025-08-13 17:17:43,943 ] botocore.hooks - DEBUG - Event request-created.s3.ListObjects: calling handler <bound method UserAgentString.rebuild_and_replace_user_agent_handler of <botocore.useragent.UserAgentString object at 0x000001AB16722090>>
[ 2025-08-13 17:17:43,951 ] botocore.hooks - DEBUG - Event request-created.s3.ListObjects: calling handler <function add_retry_headers at 0x000001AB100939C0>
[ 2025-08-13 17:17:43,952 ] botocore.endpoint - DEBUG - Sending http request: <AWSPreparedRequest stream_output=False, method=GET, url=https://my-model-mlopsproj-preeti.s3.ap-southeast-1.amazonaws.com/?prefix=model.pkl&encoding-type=url, headers={'User-Agent': b'Boto3/1.39.8 md/Botocore#1.39.8 ua/2.1 os/windows#11 md/arch#amd64 lang/python#3.12.7 md/pyimpl#CPython m/D,b,C,Z cfg/retry-mode#legacy Botocore/1.39.8 Resource', 'X-Amz-Date': b'20250813T091743Z', 'X-Amz-Content-SHA256': b'e3b0c44298fc1c149afbf4c8996fb92427ae41e4649b934ca495991b7852b855', 'Authorization': b'AWS4-HMAC-SHA256 Credential=AKIAWPTEZEN4XXUH6CGY/20250813/ap-southeast-1/s3/aws4_request, SignedHeaders=host;x-amz-content-sha256;x-amz-date, Signature=3a34722a0adfd65485eaa9e5aa2805d5bbe2c421d202389e027a930f0b4ac034', 'amz-sdk-invocation-id': b'247a17e5-d8d0-4508-a0e4-66574bed76d1', 'amz-sdk-request': b'attempt=1'}>
[ 2025-08-13 17:17:43,952 ] botocore.httpsession - DEBUG - Certificate path: C:\Users\preet\anaconda3\Lib\site-packages\certifi\cacert.pem
[ 2025-08-13 17:17:43,952 ] urllib3.connectionpool - DEBUG - Resetting dropped connection: my-model-mlopsproj-preeti.s3.ap-southeast-1.amazonaws.com
[ 2025-08-13 17:17:45,916 ] urllib3.connectionpool - DEBUG - https://my-model-mlopsproj-preeti.s3.ap-southeast-1.amazonaws.com:443 "GET /?prefix=model.pkl&encoding-type=url HTTP/11" 200 None
[ 2025-08-13 17:17:45,916 ] botocore.hooks - DEBUG - Event before-parse.s3.ListObjects: calling handler <function _handle_200_error at 0x000001AB10093F60>
[ 2025-08-13 17:17:45,916 ] botocore.hooks - DEBUG - Event before-parse.s3.ListObjects: calling handler <function handle_expires_header at 0x000001AB10093D80>
[ 2025-08-13 17:17:45,916 ] botocore.parsers - DEBUG - Response headers: {'x-amz-id-2': '7U1edPM1AYyOAbS/73E1YPFeR/VcL8BJxf2z1/tlA+bwjv8GyNcXC8BgwW9kmuS9nK8cTwVjhxLgzPgPbUs3xj8gq4Qxv+zVmX4t+C8uI5c=', 'x-amz-request-id': 'N7B3Y91C9KJF4MAM', 'Date': 'Wed, 13 Aug 2025 09:17:39 GMT', 'x-amz-bucket-region': 'ap-southeast-1', 'Content-Type': 'application/xml', 'Transfer-Encoding': 'chunked', 'Server': 'AmazonS3'}
[ 2025-08-13 17:17:45,916 ] botocore.parsers - DEBUG - Response body:
b'<?xml version="1.0" encoding="UTF-8"?>\n<ListBucketResult xmlns="http://s3.amazonaws.com/doc/2006-03-01/"><Name>my-model-mlopsproj-preeti</Name><Prefix>model.pkl</Prefix><Marker></Marker><MaxKeys>1000</MaxKeys><EncodingType>url</EncodingType><IsTruncated>false</IsTruncated><Contents><Key>model.pkl</Key><LastModified>2025-08-12T10:23:55.000Z</LastModified><ETag>&quot;6878aeb562cdde280e28b85d0e9068f4-2&quot;</ETag><ChecksumAlgorithm>CRC32</ChecksumAlgorithm><ChecksumType>COMPOSITE</ChecksumType><Size>9293105</Size><Owner><ID>11a9c07b073fb97fc0644a43547154df38c4a33f0cf66af8bb786cd381aa62cc</ID><DisplayName>preeti.sahay5182</DisplayName></Owner><StorageClass>STANDARD</StorageClass></Contents></ListBucketResult>'
[ 2025-08-13 17:17:45,923 ] botocore.hooks - DEBUG - Event needs-retry.s3.ListObjects: calling handler <function _update_status_code at 0x000001AB1009C0E0>
[ 2025-08-13 17:17:45,923 ] botocore.hooks - DEBUG - Event needs-retry.s3.ListObjects: calling handler <botocore.retryhandler.RetryHandler object at 0x000001AB16722630>
[ 2025-08-13 17:17:45,923 ] botocore.retryhandler - DEBUG - No retry needed.
[ 2025-08-13 17:17:45,923 ] botocore.hooks - DEBUG - Event needs-retry.s3.ListObjects: calling handler <bound method S3RegionRedirectorv2.redirect_from_error of <botocore.utils.S3RegionRedirectorv2 object at 0x000001AB167220F0>>
[ 2025-08-13 17:17:45,923 ] botocore.hooks - DEBUG - Event after-call.s3.ListObjects: calling handler <function decode_list_object at 0x000001AB10092D40>
[ 2025-08-13 17:17:45,923 ] boto3.resources.factory - DEBUG - Loading s3:ObjectSummary
[ 2025-08-13 17:17:45,923 ] boto3.resources.model - DEBUG - Renaming ObjectSummary attribute key
[ 2025-08-13 17:17:45,923 ] botocore.hooks - DEBUG - Event creating-resource-class.s3.ObjectSummary: calling handler <function lazy_call.<locals>._handler at 0x000001AB15C1D9E0>
[ 2025-08-13 17:17:45,923 ] root - INFO - Exited the get_file_object method of SimpleStorageService class
[ 2025-08-13 17:17:45,923 ] boto3.resources.action - DEBUG - Calling s3:get_object with {'Bucket': 'my-model-mlopsproj-preeti', 'Key': 'model.pkl'}
[ 2025-08-13 17:17:45,923 ] botocore.hooks - DEBUG - Event before-parameter-build.s3.GetObject: calling handler <function sse_md5 at 0x000001AB100918A0>
[ 2025-08-13 17:17:45,923 ] botocore.hooks - DEBUG - Event before-parameter-build.s3.GetObject: calling handler <function validate_bucket_name at 0x000001AB10091800>
[ 2025-08-13 17:17:45,923 ] botocore.hooks - DEBUG - Event before-parameter-build.s3.GetObject: calling handler <function remove_bucket_from_url_paths_from_model at 0x000001AB10093A60>
[ 2025-08-13 17:17:45,923 ] botocore.hooks - DEBUG - Event before-parameter-build.s3.GetObject: calling handler <bound method S3RegionRedirectorv2.annotate_request_context of <botocore.utils.S3RegionRedirectorv2 object at 0x000001AB167220F0>>
[ 2025-08-13 17:17:45,923 ] botocore.hooks - DEBUG - Event before-parameter-build.s3.GetObject: calling handler <bound method ClientCreator._inject_s3_input_parameters of <botocore.client.ClientCreator object at 0x000001AB16432300>>
[ 2025-08-13 17:17:45,923 ] botocore.hooks - DEBUG - Event before-parameter-build.s3.GetObject: calling handler <function generate_idempotent_uuid at 0x000001AB10091620>
[ 2025-08-13 17:17:45,923 ] botocore.hooks - DEBUG - Event before-parameter-build.s3.GetObject: calling handler <function _handle_request_validation_mode_member at 0x000001AB1009C180>
[ 2025-08-13 17:17:45,932 ] botocore.hooks - DEBUG - Event before-endpoint-resolution.s3: calling handler <function customize_endpoint_resolver_builtins at 0x000001AB10093C40>
[ 2025-08-13 17:17:45,932 ] botocore.hooks - DEBUG - Event before-endpoint-resolution.s3: calling handler <bound method S3RegionRedirectorv2.redirect_from_cache of <botocore.utils.S3RegionRedirectorv2 object at 0x000001AB167220F0>>
[ 2025-08-13 17:17:45,933 ] botocore.regions - DEBUG - Calling endpoint provider with parameters: {'Bucket': 'my-model-mlopsproj-preeti', 'Region': 'ap-southeast-1', 'UseFIPS': False, 'UseDualStack': False, 'ForcePathStyle': False, 'Accelerate': False, 'UseGlobalEndpoint': False, 'Key': 'model.pkl', 'DisableMultiRegionAccessPoints': False, 'UseArnRegion': True}
[ 2025-08-13 17:17:45,933 ] botocore.regions - DEBUG - Endpoint provider result: https://my-model-mlopsproj-preeti.s3.ap-southeast-1.amazonaws.com
[ 2025-08-13 17:17:45,933 ] botocore.regions - DEBUG - Selecting from endpoint provider's list of auth schemes: "sigv4". User selected auth scheme is: "None"
[ 2025-08-13 17:17:45,933 ] botocore.regions - DEBUG - Selected auth type "v4" as "v4" with signing context params: {'region': 'ap-southeast-1', 'signing_name': 's3', 'disableDoubleEncoding': True}
[ 2025-08-13 17:17:45,933 ] botocore.hooks - DEBUG - Event before-call.s3.GetObject: calling handler <function add_expect_header at 0x000001AB10091BC0>
[ 2025-08-13 17:17:45,935 ] botocore.hooks - DEBUG - Event before-call.s3.GetObject: calling handler <bound method S3ExpressIdentityResolver.apply_signing_cache_key of <botocore.utils.S3ExpressIdentityResolver object at 0x000001AB16722660>>
[ 2025-08-13 17:17:45,935 ] botocore.hooks - DEBUG - Event before-call.s3.GetObject: calling handler <function add_recursion_detection_header at 0x000001AB100904A0>
[ 2025-08-13 17:17:45,935 ] botocore.hooks - DEBUG - Event before-call.s3.GetObject: calling handler <function inject_api_version_header_if_needed at 0x000001AB10093100>
[ 2025-08-13 17:17:45,935 ] botocore.endpoint - DEBUG - Making request for OperationModel(name=GetObject) with params: {'url_path': '/model.pkl', 'query_string': {}, 'method': 'GET', 'headers': {'x-amz-checksum-mode': 'ENABLED', 'User-Agent': 'Boto3/1.39.8 md/Botocore#1.39.8 ua/2.1 os/windows#11 md/arch#amd64 lang/python#3.12.7 md/pyimpl#CPython m/D,b,Z cfg/retry-mode#legacy Botocore/1.39.8 Resource'}, 'body': b'', 'auth_path': '/my-model-mlopsproj-preeti/model.pkl', 'url': 'https://my-model-mlopsproj-preeti.s3.ap-southeast-1.amazonaws.com/model.pkl', 'context': {'client_region': 'ap-southeast-1', 'client_config': <botocore.config.Config object at 0x000001AB15AE31A0>, 'has_streaming_input': False, 'auth_type': 'v4', 'unsigned_payload': None, 'auth_options': ['aws.auth#sigv4'], 's3_redirect': {'redirected': False, 'bucket': 'my-model-mlopsproj-preeti', 'params': {'Bucket': 'my-model-mlopsproj-preeti', 'Key': 'model.pkl', 'ChecksumMode': 'ENABLED'}}, 'input_params': {'Bucket': 'my-model-mlopsproj-preeti', 'Key': 'model.pkl'}, 'signing': {'region': 'ap-southeast-1', 'signing_name': 's3', 'disableDoubleEncoding': True}, 'endpoint_properties': {'authSchemes': [{'disableDoubleEncoding': True, 'name': 'sigv4', 'signingName': 's3', 'signingRegion': 'ap-southeast-1'}]}, 'checksum': {'response_algorithms': ['crc32', 'sha1', 'sha256']}}}
[ 2025-08-13 17:17:45,935 ] botocore.hooks - DEBUG - Event request-created.s3.GetObject: calling handler <bound method RequestSigner.handler of <botocore.signers.RequestSigner object at 0x000001AB15AE2FF0>>
[ 2025-08-13 17:17:45,937 ] botocore.hooks - DEBUG - Event choose-signer.s3.GetObject: calling handler <bound method ClientCreator._default_s3_presign_to_sigv2 of <botocore.client.ClientCreator object at 0x000001AB16432300>>
[ 2025-08-13 17:17:45,937 ] botocore.hooks - DEBUG - Event choose-signer.s3.GetObject: calling handler <function set_operation_specific_signer at 0x000001AB100913A0>
[ 2025-08-13 17:17:45,937 ] botocore.hooks - DEBUG - Event before-sign.s3.GetObject: calling handler <function remove_arn_from_signing_path at 0x000001AB10093BA0>
[ 2025-08-13 17:17:45,937 ] botocore.hooks - DEBUG - Event before-sign.s3.GetObject: calling handler <function _set_extra_headers_for_unsigned_request at 0x000001AB1009C220>
[ 2025-08-13 17:17:45,937 ] botocore.hooks - DEBUG - Event before-sign.s3.GetObject: calling handler <bound method S3ExpressIdentityResolver.resolve_s3express_identity of <botocore.utils.S3ExpressIdentityResolver object at 0x000001AB16722660>>
[ 2025-08-13 17:17:45,939 ] botocore.auth - DEBUG - Calculating signature using v4 auth.
[ 2025-08-13 17:17:45,939 ] botocore.auth - DEBUG - CanonicalRequest:
GET
/model.pkl

host:my-model-mlopsproj-preeti.s3.ap-southeast-1.amazonaws.com
x-amz-checksum-mode:ENABLED
x-amz-content-sha256:e3b0c44298fc1c149afbf4c8996fb92427ae41e4649b934ca495991b7852b855
x-amz-date:20250813T091745Z

host;x-amz-checksum-mode;x-amz-content-sha256;x-amz-date
e3b0c44298fc1c149afbf4c8996fb92427ae41e4649b934ca495991b7852b855
[ 2025-08-13 17:17:45,939 ] botocore.auth - DEBUG - StringToSign:
AWS4-HMAC-SHA256
20250813T091745Z
20250813/ap-southeast-1/s3/aws4_request
860ff39efee11d186865736b1284ec603a420e0c3a5272769d54bd79d7100051
[ 2025-08-13 17:17:45,939 ] botocore.auth - DEBUG - Signature:
84130dcb941f15e82fe66d633a0d0a2eeadb92076f72ae3916efec15eb9f14bd
[ 2025-08-13 17:17:45,940 ] botocore.hooks - DEBUG - Event request-created.s3.GetObject: calling handler <bound method UserAgentString.rebuild_and_replace_user_agent_handler of <botocore.useragent.UserAgentString object at 0x000001AB16722090>>
[ 2025-08-13 17:17:45,940 ] botocore.hooks - DEBUG - Event request-created.s3.GetObject: calling handler <function add_retry_headers at 0x000001AB100939C0>
[ 2025-08-13 17:17:45,940 ] botocore.endpoint - DEBUG - Sending http request: <AWSPreparedRequest stream_output=True, method=GET, url=https://my-model-mlopsproj-preeti.s3.ap-southeast-1.amazonaws.com/model.pkl, headers={'x-amz-checksum-mode': b'ENABLED', 'User-Agent': b'Boto3/1.39.8 md/Botocore#1.39.8 ua/2.1 os/windows#11 md/arch#amd64 lang/python#3.12.7 md/pyimpl#CPython m/D,b,Z cfg/retry-mode#legacy Botocore/1.39.8 Resource', 'X-Amz-Date': b'20250813T091745Z', 'X-Amz-Content-SHA256': b'e3b0c44298fc1c149afbf4c8996fb92427ae41e4649b934ca495991b7852b855', 'Authorization': b'AWS4-HMAC-SHA256 Credential=AKIAWPTEZEN4XXUH6CGY/20250813/ap-southeast-1/s3/aws4_request, SignedHeaders=host;x-amz-checksum-mode;x-amz-content-sha256;x-amz-date, Signature=84130dcb941f15e82fe66d633a0d0a2eeadb92076f72ae3916efec15eb9f14bd', 'amz-sdk-invocation-id': b'1c938c97-dc8c-4115-a516-3a7aef076bd4', 'amz-sdk-request': b'attempt=1'}>
[ 2025-08-13 17:17:45,942 ] botocore.httpsession - DEBUG - Certificate path: C:\Users\preet\anaconda3\Lib\site-packages\certifi\cacert.pem
[ 2025-08-13 17:17:46,022 ] urllib3.connectionpool - DEBUG - https://my-model-mlopsproj-preeti.s3.ap-southeast-1.amazonaws.com:443 "GET /model.pkl HTTP/11" 200 9293105
[ 2025-08-13 17:17:46,022 ] botocore.httpchecksum - DEBUG - Skipping checksum validation. Response did not contain one of the following algorithms: ['crc32', 'sha1', 'sha256'].
[ 2025-08-13 17:17:46,022 ] botocore.hooks - DEBUG - Event before-parse.s3.GetObject: calling handler <function _handle_200_error at 0x000001AB10093F60>
[ 2025-08-13 17:17:46,022 ] botocore.hooks - DEBUG - Event before-parse.s3.GetObject: calling handler <function handle_expires_header at 0x000001AB10093D80>
[ 2025-08-13 17:17:46,022 ] botocore.parsers - DEBUG - Response headers: {'x-amz-id-2': 'EGINnVYLq636HDZJoqVb8mqspWj9jarY8ku1E1LJVqPr/E4pStxfEoSXvs4NpOKpDDWgp6zCXJpN+Zm4flM1JpFEe1MOG1KgVadpDcS/oLo=', 'x-amz-request-id': 'N7B3K5S7MZY51XZ1', 'Date': 'Wed, 13 Aug 2025 09:17:39 GMT', 'Last-Modified': 'Tue, 12 Aug 2025 10:23:55 GMT', 'ETag': '"6878aeb562cdde280e28b85d0e9068f4-2"', 'x-amz-checksum-crc32': 'pm3ICQ==-2', 'x-amz-checksum-type': 'COMPOSITE', 'x-amz-server-side-encryption': 'AES256', 'Accept-Ranges': 'bytes', 'Content-Type': 'binary/octet-stream', 'Content-Length': '9293105', 'Server': 'AmazonS3'}
[ 2025-08-13 17:17:46,022 ] botocore.parsers - DEBUG - Response body:
<botocore.response.StreamingBody object at 0x000001AB1682ACE0>
[ 2025-08-13 17:17:46,022 ] botocore.hooks - DEBUG - Event needs-retry.s3.GetObject: calling handler <function _update_status_code at 0x000001AB1009C0E0>
[ 2025-08-13 17:17:46,022 ] botocore.hooks - DEBUG - Event needs-retry.s3.GetObject: calling handler <botocore.retryhandler.RetryHandler object at 0x000001AB16722630>
[ 2025-08-13 17:17:46,022 ] botocore.retryhandler - DEBUG - No retry needed.
[ 2025-08-13 17:17:46,022 ] botocore.hooks - DEBUG - Event needs-retry.s3.GetObject: calling handler <bound method S3RegionRedirectorv2.redirect_from_error of <botocore.utils.S3RegionRedirectorv2 object at 0x000001AB167220F0>>
[ 2025-08-13 17:17:46,022 ] boto3.resources.action - DEBUG - Response: {'ResponseMetadata': {'RequestId': 'N7B3K5S7MZY51XZ1', 'HostId': 'EGINnVYLq636HDZJoqVb8mqspWj9jarY8ku1E1LJVqPr/E4pStxfEoSXvs4NpOKpDDWgp6zCXJpN+Zm4flM1JpFEe1MOG1KgVadpDcS/oLo=', 'HTTPStatusCode': 200, 'HTTPHeaders': {'x-amz-id-2': 'EGINnVYLq636HDZJoqVb8mqspWj9jarY8ku1E1LJVqPr/E4pStxfEoSXvs4NpOKpDDWgp6zCXJpN+Zm4flM1JpFEe1MOG1KgVadpDcS/oLo=', 'x-amz-request-id': 'N7B3K5S7MZY51XZ1', 'date': 'Wed, 13 Aug 2025 09:17:39 GMT', 'last-modified': 'Tue, 12 Aug 2025 10:23:55 GMT', 'etag': '"6878aeb562cdde280e28b85d0e9068f4-2"', 'x-amz-checksum-crc32': 'pm3ICQ==-2', 'x-amz-checksum-type': 'COMPOSITE', 'x-amz-server-side-encryption': 'AES256', 'accept-ranges': 'bytes', 'content-type': 'binary/octet-stream', 'content-length': '9293105', 'server': 'AmazonS3'}, 'RetryAttempts': 0}, 'AcceptRanges': 'bytes', 'LastModified': datetime.datetime(2025, 8, 12, 10, 23, 55, tzinfo=tzutc()), 'ContentLength': 9293105, 'ETag': '"6878aeb562cdde280e28b85d0e9068f4-2"', 'ChecksumCRC32': 'pm3ICQ==-2', 'ChecksumType': 'COMPOSITE', 'ContentType': 'binary/octet-stream', 'ServerSideEncryption': 'AES256', 'Metadata': {}, 'Body': <botocore.response.StreamingBody object at 0x000001AB1682ACE0>}
[ 2025-08-13 17:17:46,464 ] root - INFO - Production model loaded from S3 bucket.
[ 2025-08-13 17:17:46,464 ] root - INFO - Starting prediction process.
[ 2025-08-13 17:17:46,480 ] root - INFO - Using the trained model to get predictions
